  BaseObject.cpp
C:\Users\Hito\Desktop\FlappyBird\FlappyBird\CommonFunc.h(50,2): warning C4091: 'typedef ': ignored on left of 'GeometricFormat' when no variable is declared
C:\Users\Hito\Desktop\FlappyBird\FlappyBird\CommonFunc.h(62,2): warning C4091: 'typedef ': ignored on left of 'ColorData' when no variable is declared
  BlockObject.cpp
C:\Users\Hito\Desktop\FlappyBird\FlappyBird\CommonFunc.h(50,2): warning C4091: 'typedef ': ignored on left of 'GeometricFormat' when no variable is declared
C:\Users\Hito\Desktop\FlappyBird\FlappyBird\CommonFunc.h(62,2): warning C4091: 'typedef ': ignored on left of 'ColorData' when no variable is declared
C:\Users\Hito\Desktop\FlappyBird\FlappyBird\BlockObject.cpp(70,28): warning C4805: '==': unsafe mix of type 'int' and type 'bool' in operation
  CommonFunc.cpp
C:\Users\Hito\Desktop\FlappyBird\FlappyBird\CommonFunc.h(50,2): warning C4091: 'typedef ': ignored on left of 'GeometricFormat' when no variable is declared
C:\Users\Hito\Desktop\FlappyBird\FlappyBird\CommonFunc.h(62,2): warning C4091: 'typedef ': ignored on left of 'ColorData' when no variable is declared
C:\Users\Hito\Desktop\FlappyBird\FlappyBird\CommonFunc.cpp(13,31): warning C4267: 'initializing': conversion from 'size_t' to 'int', possible loss of data
C:\Users\Hito\Desktop\FlappyBird\FlappyBird\CommonFunc.cpp(14,31): warning C4267: 'initializing': conversion from 'size_t' to 'int', possible loss of data
C:\Users\Hito\Desktop\FlappyBird\FlappyBird\CommonFunc.cpp(44,33): warning C4244: '=': conversion from 'double' to 'int', possible loss of data
C:\Users\Hito\Desktop\FlappyBird\FlappyBird\CommonFunc.cpp(45,34): warning C4244: '=': conversion from 'double' to 'int', possible loss of data
C:\Users\Hito\Desktop\FlappyBird\FlappyBird\CommonFunc.cpp(46,33): warning C4244: '=': conversion from 'double' to 'int', possible loss of data
C:\Users\Hito\Desktop\FlappyBird\FlappyBird\CommonFunc.cpp(47,34): warning C4244: '=': conversion from 'double' to 'int', possible loss of data
C:\Users\Hito\Desktop\FlappyBird\FlappyBird\CommonFunc.cpp(28,18): warning C4101: 'menu': unreferenced local variable
  Geometric.cpp
C:\Users\Hito\Desktop\FlappyBird\FlappyBird\CommonFunc.h(50,2): warning C4091: 'typedef ': ignored on left of 'GeometricFormat' when no variable is declared
C:\Users\Hito\Desktop\FlappyBird\FlappyBird\CommonFunc.h(62,2): warning C4091: 'typedef ': ignored on left of 'ColorData' when no variable is declared
  ImpTimer.cpp
C:\Users\Hito\Desktop\FlappyBird\FlappyBird\CommonFunc.h(50,2): warning C4091: 'typedef ': ignored on left of 'GeometricFormat' when no variable is declared
C:\Users\Hito\Desktop\FlappyBird\FlappyBird\CommonFunc.h(62,2): warning C4091: 'typedef ': ignored on left of 'ColorData' when no variable is declared
  main.cpp
C:\Users\Hito\Desktop\FlappyBird\FlappyBird\CommonFunc.h(50,2): warning C4091: 'typedef ': ignored on left of 'GeometricFormat' when no variable is declared
C:\Users\Hito\Desktop\FlappyBird\FlappyBird\CommonFunc.h(62,2): warning C4091: 'typedef ': ignored on left of 'ColorData' when no variable is declared
C:\Users\Hito\Desktop\FlappyBird\FlappyBird\main.cpp(192,54): warning C4244: 'argument': conversion from 'double' to 'int', possible loss of data
  PlayerObject.cpp
C:\Users\Hito\Desktop\FlappyBird\FlappyBird\CommonFunc.h(50,2): warning C4091: 'typedef ': ignored on left of 'GeometricFormat' when no variable is declared
C:\Users\Hito\Desktop\FlappyBird\FlappyBird\CommonFunc.h(62,2): warning C4091: 'typedef ': ignored on left of 'ColorData' when no variable is declared
C:\Users\Hito\Desktop\FlappyBird\FlappyBird\PlayerObject.cpp(57,22): warning C4244: '+=': conversion from 'float' to 'int', possible loss of data
  TextObject.cpp
C:\Users\Hito\Desktop\FlappyBird\FlappyBird\CommonFunc.h(50,2): warning C4091: 'typedef ': ignored on left of 'GeometricFormat' when no variable is declared
C:\Users\Hito\Desktop\FlappyBird\FlappyBird\CommonFunc.h(62,2): warning C4091: 'typedef ': ignored on left of 'ColorData' when no variable is declared
  Generating Code...
  FlappyBird.vcxproj -> C:\Users\Hito\Desktop\FlappyBird\x64\Debug\FlappyBird.exe
